# JRE version: OpenJDK Runtime Environment (21.0.10) (build 21.0.10+-14961533-b1163.108)
# Java VM: OpenJDK 64-Bit Server VM (21.0.10+-14961533-b1163.108, mixed mode, tiered, compressed oops, compressed class ptrs, g1 gc, linux-amd64)
GC Precious Log:
 CardTable entry size: 512
 Card Set container configuration: InlinePtr #cards 5 size 8 Array Of Cards #cards 12 size 40 Howl #buckets 4 coarsen threshold 1843 Howl Bitmap #cards 512 size 80 coarsen threshold 460 Card regions per heap region 1 cards per card region 2048
 CPUs: 12 total, 12 available
 Memory: 13756M
 Large Page Support: Disabled
 NUMA Support: Disabled
 Compressed Oops: Enabled (32-bit)
 Heap Region Size: 1M
 Heap Min Capacity: 8M
 Heap Initial Capacity: 216M
 Heap Max Capacity: 2G
 Pre-touch: Disabled
 Parallel Workers: 10
 Concurrent Workers: 3
 Concurrent Refinement Workers: 10
 Periodic GC: Disabled
Heap:
 garbage-first heap   total 489472K, used 415217K [0x0000000080000000, 0x0000000100000000)
  region size 1024K, 183 young (187392K), 13 survivors (13312K)
 Metaspace       used 218907K, committed 221696K, reserved 1245184K
  class space    used 28844K, committed 30272K, reserved 1048576K
GC Heap History (20 events):
Event: 75.347 GC heap after
{Heap after GC invocations=74 (full 0):
 garbage-first heap   total 387072K, used 234510K [0x0000000080000000, 0x0000000100000000)
  region size 1024K, 5 young (5120K), 5 survivors (5120K)
 Metaspace       used 211457K, committed 214208K, reserved 1245184K
  class space    used 28434K, committed 29760K, reserved 1048576K
}
Event: 100.915 GC heap before
{Heap before GC invocations=75 (full 0):
 garbage-first heap   total 429056K, used 427022K [0x0000000080000000, 0x0000000100000000)
  region size 1024K, 84 young (86016K), 5 survivors (5120K)
 Metaspace       used 214320K, committed 217152K, reserved 1245184K
  class space    used 28750K, committed 30144K, reserved 1048576K
}
Event: 100.920 GC heap after
{Heap after GC invocations=76 (full 0):
 garbage-first heap   total 433152K, used 189858K [0x0000000080000000, 0x0000000100000000)
  region size 1024K, 4 young (4096K), 4 survivors (4096K)
 Metaspace       used 214320K, committed 217152K, reserved 1245184K
  class space    used 28750K, committed 30144K, reserved 1048576K
}
Event: 234.212 GC heap before
{Heap before GC invocations=76 (full 0):
 garbage-first heap   total 433152K, used 405922K [0x0000000080000000, 0x0000000100000000)
  region size 1024K, 216 young (221184K), 4 survivors (4096K)
 Metaspace       used 215311K, committed 218048K, reserved 1245184K
  class space    used 28767K, committed 30144K, reserved 1048576K
}
Event: 234.226 GC heap after
{Heap after GC invocations=77 (full 0):
 garbage-first heap   total 433152K, used 199799K [0x0000000080000000, 0x0000000100000000)
  region size 1024K, 19 young (19456K), 19 survivors (19456K)
 Metaspace       used 215311K, committed 218048K, reserved 1245184K
  class space    used 28767K, committed 30144K, reserved 1048576K
}
Event: 584.698 GC heap before
{Heap before GC invocations=77 (full 0):
 garbage-first heap   total 433152K, used 376951K [0x0000000080000000, 0x0000000100000000)
  region size 1024K, 193 young (197632K), 19 survivors (19456K)
 Metaspace       used 215891K, committed 218624K, reserved 1245184K
  class space    used 28780K, committed 30144K, reserved 1048576K
}
Event: 584.725 GC heap after
{Heap after GC invocations=78 (full 0):
 garbage-first heap   total 433152K, used 215033K [0x0000000080000000, 0x0000000100000000)
  region size 1024K, 16 young (16384K), 16 survivors (16384K)
 Metaspace       used 215891K, committed 218624K, reserved 1245184K
  class space    used 28780K, committed 30144K, reserved 1048576K
}
Event: 585.635 GC heap before
{Heap before GC invocations=79 (full 0):
 garbage-first heap   total 433152K, used 395257K [0x0000000080000000, 0x0000000100000000)
  region size 1024K, 181 young (185344K), 16 survivors (16384K)
 Metaspace       used 216792K, committed 219584K, reserved 1245184K
  class space    used 28821K, committed 30208K, reserved 1048576K
}
Event: 585.657 GC heap after
{Heap after GC invocations=80 (full 0):
 garbage-first heap   total 436224K, used 240640K [0x0000000080000000, 0x0000000100000000)
  region size 1024K, 23 young (23552K), 23 survivors (23552K)
 Metaspace       used 216792K, committed 219584K, reserved 1245184K
  class space    used 28821K, committed 30208K, reserved 1048576K
}
Event: 590.888 GC heap before
{Heap before GC invocations=80 (full 0):
 garbage-first heap   total 436224K, used 392192K [0x0000000080000000, 0x0000000100000000)
  region size 1024K, 171 young (175104K), 23 survivors (23552K)
 Metaspace       used 218397K, committed 221184K, reserved 1245184K
  class space    used 28914K, committed 30272K, reserved 1048576K
}
Event: 590.903 GC heap after
{Heap after GC invocations=81 (full 0):
 garbage-first heap   total 440320K, used 254724K [0x0000000080000000, 0x0000000100000000)
  region size 1024K, 22 young (22528K), 22 survivors (22528K)
 Metaspace       used 218397K, committed 221184K, reserved 1245184K
  class space    used 28914K, committed 30272K, reserved 1048576K
}
Event: 591.388 GC heap before
{Heap before GC invocations=81 (full 0):
 garbage-first heap   total 440320K, used 317188K [0x0000000080000000, 0x0000000100000000)
  region size 1024K, 85 young (87040K), 22 survivors (22528K)
 Metaspace       used 219108K, committed 221952K, reserved 1245184K
  class space    used 28936K, committed 30336K, reserved 1048576K
}
Event: 591.397 GC heap after
{Heap after GC invocations=82 (full 0):
 garbage-first heap   total 440320K, used 258363K [0x0000000080000000, 0x0000000100000000)
  region size 1024K, 7 young (7168K), 7 survivors (7168K)
 Metaspace       used 219108K, committed 221952K, reserved 1245184K
  class space    used 28936K, committed 30336K, reserved 1048576K
}
Event: 592.037 GC heap before
{Heap before GC invocations=83 (full 0):
 garbage-first heap   total 448512K, used 446779K [0x0000000080000000, 0x0000000100000000)
  region size 1024K, 129 young (132096K), 7 survivors (7168K)
 Metaspace       used 218328K, committed 221760K, reserved 1245184K
  class space    used 28840K, committed 30336K, reserved 1048576K
}
Event: 592.044 GC heap after
{Heap after GC invocations=84 (full 0):
 garbage-first heap   total 459776K, used 299897K [0x0000000080000000, 0x0000000100000000)
  region size 1024K, 11 young (11264K), 11 survivors (11264K)
 Metaspace       used 218328K, committed 221760K, reserved 1245184K
  class space    used 28840K, committed 30336K, reserved 1048576K
}
Event: 592.333 GC heap before
{Heap before GC invocations=84 (full 0):
 garbage-first heap   total 459776K, used 458617K [0x0000000080000000, 0x0000000100000000)
  region size 1024K, 52 young (53248K), 11 survivors (11264K)
 Metaspace       used 218339K, committed 221760K, reserved 1245184K
  class space    used 28840K, committed 30336K, reserved 1048576K
}
Event: 592.347 GC heap after
{Heap after GC invocations=85 (full 0):
 garbage-first heap   total 489472K, used 266281K [0x0000000080000000, 0x0000000100000000)
  region size 1024K, 9 young (9216K), 9 survivors (9216K)
 Metaspace       used 218339K, committed 221760K, reserved 1245184K
  class space    used 28840K, committed 30336K, reserved 1048576K
}
Event: 592.420 GC heap before
{Heap before GC invocations=85 (full 0):
 garbage-first heap   total 489472K, used 274473K [0x0000000080000000, 0x0000000100000000)
  region size 1024K, 18 young (18432K), 9 survivors (9216K)
 Metaspace       used 218915K, committed 221824K, reserved 1245184K
  class space    used 28897K, committed 30336K, reserved 1048576K
}
Event: 592.428 GC heap after
{Heap after GC invocations=86 (full 0):
 garbage-first heap   total 489472K, used 239089K [0x0000000080000000, 0x0000000100000000)
  region size 1024K, 9 young (9216K), 9 survivors (9216K)
 Metaspace       used 218915K, committed 221824K, reserved 1245184K
  class space    used 28897K, committed 30336K, reserved 1048576K
}
Event: 1870.675 GC heap before
{Heap before GC invocations=87 (full 0):
 garbage-first heap   total 489472K, used 414193K [0x0000000080000000, 0x0000000100000000)
  region size 1024K, 179 young (183296K), 9 survivors (9216K)
 Metaspace       used 218907K, committed 221696K, reserved 1245184K
  class space    used 28844K, committed 30272K, reserved 1048576K
}

